-------------------------------------------------------------------------------
Test set: controller.AdminControllerTest
-------------------------------------------------------------------------------
Tests run: 14, Failures: 1, Errors: 0, Skipped: 0, Time elapsed: 9.787 s <<< FAILURE! - in controller.AdminControllerTest
payment(controller.AdminControllerTest)  Time elapsed: 0.239 s  <<< FAILURE!
java.lang.AssertionError: Values should be different. Actual: ERROR
	at controller.AdminControllerTest.payment(AdminControllerTest.java:443)

