-------------------------------------------------------------------------------
Test set: controller.AdminControllerTest
-------------------------------------------------------------------------------
Tests run: 3, Failures: 1, Errors: 0, Skipped: 0, Time elapsed: 6.731 s <<< FAILURE! - in controller.AdminControllerTest
createNewAccountTest(controller.AdminControllerTest)  Time elapsed: 0.32 s  <<< FAILURE!
java.lang.AssertionError: Content type not set
	at controller.AdminControllerTest.createNewAccountTest(AdminControllerTest.java:64)

