-------------------------------------------------------------------------------
Test set: controller.StudentControllerTest
-------------------------------------------------------------------------------
Tests run: 1, Failures: 1, Errors: 0, Skipped: 0, Time elapsed: 0.313 s <<< FAILURE! - in controller.StudentControllerTest
createScheduleTest(controller.StudentControllerTest)  Time elapsed: 0.312 s  <<< FAILURE!
java.lang.AssertionError: Status expected:<200> but was:<404>
	at controller.StudentControllerTest.createScheduleTest(StudentControllerTest.java:53)

