<?xml version="1.0" encoding="UTF-8"?>
<testsuite xmlns:xsi="http://www.w3.org/2001/XMLSchema-instance" xsi:noNamespaceSchemaLocation="https://maven.apache.org/surefire/maven-surefire-plugin/xsd/surefire-test-report.xsd" name="controller.LoginControllerTest" time="0.253" tests="3" errors="0" skipped="0" failures="0">
  <properties>
[...]
</properties>
  <testcase name="loginFailedTest" classname="controller.LoginControllerTest" time="0.08"/>
  <testcase name="registerTest" classname="controller.LoginControllerTest" time="0.126"/>
  <testcase name="loginSuccessTest" classname="controller.LoginControllerTest" time="0.045"/>
</testsuite>