<?xml version="1.0" encoding="UTF-8"?>
<testsuite xmlns:xsi="http://www.w3.org/2001/XMLSchema-instance" xsi:noNamespaceSchemaLocation="https://maven.apache.org/surefire/maven-surefire-plugin/xsd/surefire-test-report.xsd" name="controller.StudentControllerTest" time="0.313" tests="1" errors="0" skipped="0" failures="1">
  <properties>
[...]
</properties>
  <testcase name="createScheduleTest" classname="controller.StudentControllerTest" time="0.312">
    <failure message="Status expected:&lt;200&gt; but was:&lt;404&gt;" type="java.lang.AssertionError"><![CDATA[java.lang.AssertionError: Status expected:<200> but was:<404>
	at controller.StudentControllerTest.createScheduleTest(StudentControllerTest.java:53)
]]></failure>
    <system-out><![CDATA[Hibernate: select user0_.user_id as user_id1_6_, user0_.address as address2_6_, user0_.email as email3_6_, user0_.fullname as fullname4_6_, user0_.password as password5_6_, user0_.phone as phone6_6_, user0_.status as status7_6_, user0_.user_type_id as user_typ9_6_, user0_.username as username8_6_ from user user0_ where user0_.username=? and user0_.password=?
Hibernate: select usertype0_.user_type_id as user_typ1_7_0_, usertype0_.type as type2_7_0_ from user_type usertype0_ where usertype0_.user_type_id=?
Hibernate: select listlesson0_.user_id as user_id1_5_0_, listlesson0_.lesson_id as lesson_i2_5_0_, lesson1_.lesson_id as lesson_i1_4_1_, lesson1_.content as content2_4_1_, lesson1_.course_id as course_i6_4_1_, lesson1_.date as date3_4_1_, lesson1_.length as length4_4_1_, lesson1_.lesson_name as lesson_n5_4_1_, course2_.course_id as course_i1_1_2_, course2_.course_name as course_n2_1_2_, course2_.course_type_id as course_t9_1_2_, course2_.end_date as end_date3_1_2_, course2_.fee as fee4_1_2_, course2_.num_of_lesson as num_of_l5_1_2_, course2_.promotion as promotio6_1_2_, course2_.start_date as start_da7_1_2_, course2_.status as status8_1_2_, coursetype3_.course_type_id as course_t1_3_3_, coursetype3_.type as type2_3_3_ from roll_up listlesson0_ inner join lesson lesson1_ on listlesson0_.lesson_id=lesson1_.lesson_id left outer join course course2_ on lesson1_.course_id=course2_.course_id left outer join course_type coursetype3_ on course2_.course_type_id=coursetype3_.course_type_id where listlesson0_.user_id=?
Hibernate: select listcourse0_.user_id as user_id1_2_0_, listcourse0_.course_id as course_i2_2_0_, course1_.course_id as course_i1_1_1_, course1_.course_name as course_n2_1_1_, course1_.course_type_id as course_t9_1_1_, course1_.end_date as end_date3_1_1_, course1_.fee as fee4_1_1_, course1_.num_of_lesson as num_of_l5_1_1_, course1_.promotion as promotio6_1_1_, course1_.start_date as start_da7_1_1_, course1_.status as status8_1_1_, coursetype2_.course_type_id as course_t1_3_2_, coursetype2_.type as type2_3_2_ from course_detail listcourse0_ inner join course course1_ on listcourse0_.course_id=course1_.course_id left outer join course_type coursetype2_ on course1_.course_type_id=coursetype2_.course_type_id where listcourse0_.user_id=?
Hibernate: select listusers0_.course_id as course_i2_2_0_, listusers0_.user_id as user_id1_2_0_, user1_.user_id as user_id1_6_1_, user1_.address as address2_6_1_, user1_.email as email3_6_1_, user1_.fullname as fullname4_6_1_, user1_.password as password5_6_1_, user1_.phone as phone6_6_1_, user1_.status as status7_6_1_, user1_.user_type_id as user_typ9_6_1_, user1_.username as username8_6_1_, usertype2_.user_type_id as user_typ1_7_2_, usertype2_.type as type2_7_2_ from course_detail listusers0_ inner join user user1_ on listusers0_.user_id=user1_.user_id left outer join user_type usertype2_ on user1_.user_type_id=usertype2_.user_type_id where listusers0_.course_id=?
Hibernate: select listlesson0_.user_id as user_id1_5_0_, listlesson0_.lesson_id as lesson_i2_5_0_, lesson1_.lesson_id as lesson_i1_4_1_, lesson1_.content as content2_4_1_, lesson1_.course_id as course_i6_4_1_, lesson1_.date as date3_4_1_, lesson1_.length as length4_4_1_, lesson1_.lesson_name as lesson_n5_4_1_, course2_.course_id as course_i1_1_2_, course2_.course_name as course_n2_1_2_, course2_.course_type_id as course_t9_1_2_, course2_.end_date as end_date3_1_2_, course2_.fee as fee4_1_2_, course2_.num_of_lesson as num_of_l5_1_2_, course2_.promotion as promotio6_1_2_, course2_.start_date as start_da7_1_2_, course2_.status as status8_1_2_, coursetype3_.course_type_id as course_t1_3_3_, coursetype3_.type as type2_3_3_ from roll_up listlesson0_ inner join lesson lesson1_ on listlesson0_.lesson_id=lesson1_.lesson_id left outer join course course2_ on lesson1_.course_id=course2_.course_id left outer join course_type coursetype3_ on course2_.course_type_id=coursetype3_.course_type_id where listlesson0_.user_id=?
Hibernate: select listcourse0_.user_id as user_id1_2_0_, listcourse0_.course_id as course_i2_2_0_, course1_.course_id as course_i1_1_1_, course1_.course_name as course_n2_1_1_, course1_.course_type_id as course_t9_1_1_, course1_.end_date as end_date3_1_1_, course1_.fee as fee4_1_1_, course1_.num_of_lesson as num_of_l5_1_1_, course1_.promotion as promotio6_1_1_, course1_.start_date as start_da7_1_1_, course1_.status as status8_1_1_, coursetype2_.course_type_id as course_t1_3_2_, coursetype2_.type as type2_3_2_ from course_detail listcourse0_ inner join course course1_ on listcourse0_.course_id=course1_.course_id left outer join course_type coursetype2_ on course1_.course_type_id=coursetype2_.course_type_id where listcourse0_.user_id=?
Hibernate: select listusers0_.course_id as course_i2_2_0_, listusers0_.user_id as user_id1_2_0_, user1_.user_id as user_id1_6_1_, user1_.address as address2_6_1_, user1_.email as email3_6_1_, user1_.fullname as fullname4_6_1_, user1_.password as password5_6_1_, user1_.phone as phone6_6_1_, user1_.status as status7_6_1_, user1_.user_type_id as user_typ9_6_1_, user1_.username as username8_6_1_, usertype2_.user_type_id as user_typ1_7_2_, usertype2_.type as type2_7_2_ from course_detail listusers0_ inner join user user1_ on listusers0_.user_id=user1_.user_id left outer join user_type usertype2_ on user1_.user_type_id=usertype2_.user_type_id where listusers0_.course_id=?
Hibernate: select listlesson0_.course_id as course_i6_4_0_, listlesson0_.lesson_id as lesson_i1_4_0_, listlesson0_.lesson_id as lesson_i1_4_1_, listlesson0_.content as content2_4_1_, listlesson0_.course_id as course_i6_4_1_, listlesson0_.date as date3_4_1_, listlesson0_.length as length4_4_1_, listlesson0_.lesson_name as lesson_n5_4_1_ from lesson listlesson0_ where listlesson0_.course_id=?
Hibernate: select listlesson0_.course_id as course_i6_4_0_, listlesson0_.lesson_id as lesson_i1_4_0_, listlesson0_.lesson_id as lesson_i1_4_1_, listlesson0_.content as content2_4_1_, listlesson0_.course_id as course_i6_4_1_, listlesson0_.date as date3_4_1_, listlesson0_.length as length4_4_1_, listlesson0_.lesson_name as lesson_n5_4_1_ from lesson listlesson0_ where listlesson0_.course_id=?
Hibernate: select listusers0_.course_id as course_i2_2_0_, listusers0_.user_id as user_id1_2_0_, user1_.user_id as user_id1_6_1_, user1_.address as address2_6_1_, user1_.email as email3_6_1_, user1_.fullname as fullname4_6_1_, user1_.password as password5_6_1_, user1_.phone as phone6_6_1_, user1_.status as status7_6_1_, user1_.user_type_id as user_typ9_6_1_, user1_.username as username8_6_1_, usertype2_.user_type_id as user_typ1_7_2_, usertype2_.type as type2_7_2_ from course_detail listusers0_ inner join user user1_ on listusers0_.user_id=user1_.user_id left outer join user_type usertype2_ on user1_.user_type_id=usertype2_.user_type_id where listusers0_.course_id=?
Hibernate: select listlesson0_.user_id as user_id1_5_0_, listlesson0_.lesson_id as lesson_i2_5_0_, lesson1_.lesson_id as lesson_i1_4_1_, lesson1_.content as content2_4_1_, lesson1_.course_id as course_i6_4_1_, lesson1_.date as date3_4_1_, lesson1_.length as length4_4_1_, lesson1_.lesson_name as lesson_n5_4_1_, course2_.course_id as course_i1_1_2_, course2_.course_name as course_n2_1_2_, course2_.course_type_id as course_t9_1_2_, course2_.end_date as end_date3_1_2_, course2_.fee as fee4_1_2_, course2_.num_of_lesson as num_of_l5_1_2_, course2_.promotion as promotio6_1_2_, course2_.start_date as start_da7_1_2_, course2_.status as status8_1_2_, coursetype3_.course_type_id as course_t1_3_3_, coursetype3_.type as type2_3_3_ from roll_up listlesson0_ inner join lesson lesson1_ on listlesson0_.lesson_id=lesson1_.lesson_id left outer join course course2_ on lesson1_.course_id=course2_.course_id left outer join course_type coursetype3_ on course2_.course_type_id=coursetype3_.course_type_id where listlesson0_.user_id=?
Hibernate: select listcourse0_.user_id as user_id1_2_0_, listcourse0_.course_id as course_i2_2_0_, course1_.course_id as course_i1_1_1_, course1_.course_name as course_n2_1_1_, course1_.course_type_id as course_t9_1_1_, course1_.end_date as end_date3_1_1_, course1_.fee as fee4_1_1_, course1_.num_of_lesson as num_of_l5_1_1_, course1_.promotion as promotio6_1_1_, course1_.start_date as start_da7_1_1_, course1_.status as status8_1_1_, coursetype2_.course_type_id as course_t1_3_2_, coursetype2_.type as type2_3_2_ from course_detail listcourse0_ inner join course course1_ on listcourse0_.course_id=course1_.course_id left outer join course_type coursetype2_ on course1_.course_type_id=coursetype2_.course_type_id where listcourse0_.user_id=?
Hibernate: select listlesson0_.course_id as course_i6_4_0_, listlesson0_.lesson_id as lesson_i1_4_0_, listlesson0_.lesson_id as lesson_i1_4_1_, listlesson0_.content as content2_4_1_, listlesson0_.course_id as course_i6_4_1_, listlesson0_.date as date3_4_1_, listlesson0_.length as length4_4_1_, listlesson0_.lesson_name as lesson_n5_4_1_ from lesson listlesson0_ where listlesson0_.course_id=?
Hibernate: select listusers0_.course_id as course_i2_2_0_, listusers0_.user_id as user_id1_2_0_, user1_.user_id as user_id1_6_1_, user1_.address as address2_6_1_, user1_.email as email3_6_1_, user1_.fullname as fullname4_6_1_, user1_.password as password5_6_1_, user1_.phone as phone6_6_1_, user1_.status as status7_6_1_, user1_.user_type_id as user_typ9_6_1_, user1_.username as username8_6_1_, usertype2_.user_type_id as user_typ1_7_2_, usertype2_.type as type2_7_2_ from course_detail listusers0_ inner join user user1_ on listusers0_.user_id=user1_.user_id left outer join user_type usertype2_ on user1_.user_type_id=usertype2_.user_type_id where listusers0_.course_id=?
Hibernate: select listlesson0_.course_id as course_i6_4_0_, listlesson0_.lesson_id as lesson_i1_4_0_, listlesson0_.lesson_id as lesson_i1_4_1_, listlesson0_.content as content2_4_1_, listlesson0_.course_id as course_i6_4_1_, listlesson0_.date as date3_4_1_, listlesson0_.length as length4_4_1_, listlesson0_.lesson_name as lesson_n5_4_1_ from lesson listlesson0_ where listlesson0_.course_id=?
Hibernate: select listusers0_.lesson_id as lesson_i2_5_0_, listusers0_.user_id as user_id1_5_0_, user1_.user_id as user_id1_6_1_, user1_.address as address2_6_1_, user1_.email as email3_6_1_, user1_.fullname as fullname4_6_1_, user1_.password as password5_6_1_, user1_.phone as phone6_6_1_, user1_.status as status7_6_1_, user1_.user_type_id as user_typ9_6_1_, user1_.username as username8_6_1_, usertype2_.user_type_id as user_typ1_7_2_, usertype2_.type as type2_7_2_ from roll_up listusers0_ inner join user user1_ on listusers0_.user_id=user1_.user_id left outer join user_type usertype2_ on user1_.user_type_id=usertype2_.user_type_id where listusers0_.lesson_id=?
Hibernate: select listusers0_.lesson_id as lesson_i2_5_0_, listusers0_.user_id as user_id1_5_0_, user1_.user_id as user_id1_6_1_, user1_.address as address2_6_1_, user1_.email as email3_6_1_, user1_.fullname as fullname4_6_1_, user1_.password as password5_6_1_, user1_.phone as phone6_6_1_, user1_.status as status7_6_1_, user1_.user_type_id as user_typ9_6_1_, user1_.username as username8_6_1_, usertype2_.user_type_id as user_typ1_7_2_, usertype2_.type as type2_7_2_ from roll_up listusers0_ inner join user user1_ on listusers0_.user_id=user1_.user_id left outer join user_type usertype2_ on user1_.user_type_id=usertype2_.user_type_id where listusers0_.lesson_id=?
Hibernate: select listusers0_.lesson_id as lesson_i2_5_0_, listusers0_.user_id as user_id1_5_0_, user1_.user_id as user_id1_6_1_, user1_.address as address2_6_1_, user1_.email as email3_6_1_, user1_.fullname as fullname4_6_1_, user1_.password as password5_6_1_, user1_.phone as phone6_6_1_, user1_.status as status7_6_1_, user1_.user_type_id as user_typ9_6_1_, user1_.username as username8_6_1_, usertype2_.user_type_id as user_typ1_7_2_, usertype2_.type as type2_7_2_ from roll_up listusers0_ inner join user user1_ on listusers0_.user_id=user1_.user_id left outer join user_type usertype2_ on user1_.user_type_id=usertype2_.user_type_id where listusers0_.lesson_id=?
Hibernate: select listusers0_.lesson_id as lesson_i2_5_0_, listusers0_.user_id as user_id1_5_0_, user1_.user_id as user_id1_6_1_, user1_.address as address2_6_1_, user1_.email as email3_6_1_, user1_.fullname as fullname4_6_1_, user1_.password as password5_6_1_, user1_.phone as phone6_6_1_, user1_.status as status7_6_1_, user1_.user_type_id as user_typ9_6_1_, user1_.username as username8_6_1_, usertype2_.user_type_id as user_typ1_7_2_, usertype2_.type as type2_7_2_ from roll_up listusers0_ inner join user user1_ on listusers0_.user_id=user1_.user_id left outer join user_type usertype2_ on user1_.user_type_id=usertype2_.user_type_id where listusers0_.lesson_id=?
Hibernate: select listusers0_.course_id as course_i2_2_0_, listusers0_.user_id as user_id1_2_0_, user1_.user_id as user_id1_6_1_, user1_.address as address2_6_1_, user1_.email as email3_6_1_, user1_.fullname as fullname4_6_1_, user1_.password as password5_6_1_, user1_.phone as phone6_6_1_, user1_.status as status7_6_1_, user1_.user_type_id as user_typ9_6_1_, user1_.username as username8_6_1_, usertype2_.user_type_id as user_typ1_7_2_, usertype2_.type as type2_7_2_ from course_detail listusers0_ inner join user user1_ on listusers0_.user_id=user1_.user_id left outer join user_type usertype2_ on user1_.user_type_id=usertype2_.user_type_id where listusers0_.course_id=?
Hibernate: select listlesson0_.course_id as course_i6_4_0_, listlesson0_.lesson_id as lesson_i1_4_0_, listlesson0_.lesson_id as lesson_i1_4_1_, listlesson0_.content as content2_4_1_, listlesson0_.course_id as course_i6_4_1_, listlesson0_.date as date3_4_1_, listlesson0_.length as length4_4_1_, listlesson0_.lesson_name as lesson_n5_4_1_ from lesson listlesson0_ where listlesson0_.course_id=?
Hibernate: select listusers0_.lesson_id as lesson_i2_5_0_, listusers0_.user_id as user_id1_5_0_, user1_.user_id as user_id1_6_1_, user1_.address as address2_6_1_, user1_.email as email3_6_1_, user1_.fullname as fullname4_6_1_, user1_.password as password5_6_1_, user1_.phone as phone6_6_1_, user1_.status as status7_6_1_, user1_.user_type_id as user_typ9_6_1_, user1_.username as username8_6_1_, usertype2_.user_type_id as user_typ1_7_2_, usertype2_.type as type2_7_2_ from roll_up listusers0_ inner join user user1_ on listusers0_.user_id=user1_.user_id left outer join user_type usertype2_ on user1_.user_type_id=usertype2_.user_type_id where listusers0_.lesson_id=?
{"userId":"6","username":"student1","fullname":"A","status":"1","courses":[{"courseId":"1","courseName":"Traning Japanese","teacher":"TEACHER","startDate":"2019-05-20 00:00:00.0","endDate":"2019-06-20 00:00:00.0","numOfLesson":4,"lessons":[{"lessonName":"Bai 1","content":"null"}, {"lessonName":"Bai 2","content":"null"}, {"lessonName":"Bai 3","content":"null"}, {"lessonName":"Bai 4","content":"null"}],"fee":100.0}, {"courseId":"2","courseName":"All New Runner","teacher":"TEACHER","startDate":"2019-05-01 00:00:00.0","endDate":"2019-05-10 00:00:00.0","numOfLesson":15,"lessons":[],"fee":100.0}, {"courseId":"6","courseName":"ABC","teacher":"TEACHER","startDate":"2019-06-12 00:00:00.0","endDate":"2019-06-13 00:00:00.0","numOfLesson":0,"lessons":[],"fee":0.0}, {"courseId":"9","courseName":"TEST","teacher":"TEACHER","startDate":"2019-06-07 00:00:00.0","endDate":"2019-06-07 00:00:00.0","numOfLesson":5,"lessons":[{"lessonName":"ABC","content":"null"}],"fee":0.0}],"userType":{"userTypeId":"3","type":"student"},"lessons":[],"totalTime":0.0}
]]></system-out>
    <system-err><![CDATA[Jul 03, 2019 1:48:35 PM org.springframework.test.context.support.AbstractTestContextBootstrapper getDefaultTestExecutionListenerClassNames
INFO: Loaded default TestExecutionListener class names from location [META-INF/spring.factories]: [org.springframework.test.context.web.ServletTestExecutionListener, org.springframework.test.context.support.DirtiesContextBeforeModesTestExecutionListener, org.springframework.test.context.support.DependencyInjectionTestExecutionListener, org.springframework.test.context.support.DirtiesContextTestExecutionListener, org.springframework.test.context.transaction.TransactionalTestExecutionListener, org.springframework.test.context.jdbc.SqlScriptsTestExecutionListener]
Jul 03, 2019 1:48:35 PM org.springframework.test.context.support.AbstractTestContextBootstrapper getTestExecutionListeners
INFO: Using TestExecutionListeners: [org.springframework.test.context.web.ServletTestExecutionListener@1191029d, org.springframework.test.context.support.DirtiesContextBeforeModesTestExecutionListener@54b2d002, org.springframework.test.context.support.DependencyInjectionTestExecutionListener@1d1c63af, org.springframework.test.context.support.DirtiesContextTestExecutionListener@2095c331, org.springframework.test.context.transaction.TransactionalTestExecutionListener@3909a854, org.springframework.test.context.jdbc.SqlScriptsTestExecutionListener@7b795db7]
Jul 03, 2019 1:48:35 PM org.springframework.test.context.transaction.TransactionContext startTransaction
INFO: Began transaction (1) for test context [DefaultTestContext@774c5e5c testClass = StudentControllerTest, testInstance = controller.StudentControllerTest@4cf01c41, testMethod = createScheduleTest@StudentControllerTest, testException = [null], mergedContextConfiguration = [WebMergedContextConfiguration@57bac3f0 testClass = StudentControllerTest, locations = '{file:src/main/webapp/WEB-INF/spring-servlet.xml}', classes = '{}', contextInitializerClasses = '[]', activeProfiles = '{}', propertySourceLocations = '{}', propertySourceProperties = '{}', contextCustomizers = set[[empty]], resourceBasePath = 'src/main/webapp', contextLoader = 'org.springframework.test.context.web.WebDelegatingSmartContextLoader', parent = [null]], attributes = map['org.springframework.test.context.web.ServletTestExecutionListener.populatedRequestContextHolder' -> true, 'org.springframework.test.context.web.ServletTestExecutionListener.resetRequestContextHolder' -> true]]; transaction manager [org.springframework.orm.hibernate5.HibernateTransactionManager@68f776ee]; rollback [true]
Jul 03, 2019 1:48:35 PM org.springframework.web.servlet.handler.AbstractHandlerMethodMapping$MappingRegistry register
INFO: Mapped "{[/login],methods=[GET]}" onto public java.lang.String controller.LoginController.Default()
Jul 03, 2019 1:48:35 PM org.springframework.web.servlet.handler.AbstractHandlerMethodMapping$MappingRegistry register
INFO: Mapped "{[/login],methods=[POST]}" onto public java.lang.String controller.LoginController.login(org.springframework.ui.ModelMap,java.lang.String,java.lang.String)
Jul 03, 2019 1:48:35 PM org.springframework.web.servlet.handler.AbstractHandlerMethodMapping$MappingRegistry register
INFO: Mapped "{[/logout],methods=[GET]}" onto public java.lang.String controller.LoginController.logout(javax.servlet.http.HttpSession,org.springframework.web.bind.support.SessionStatus)
Jul 03, 2019 1:48:35 PM org.springframework.web.servlet.handler.AbstractHandlerMethodMapping$MappingRegistry register
INFO: Mapped "{[/submit-register],methods=[POST]}" onto public java.lang.String controller.LoginController.register(entities.User,org.springframework.validation.BindingResult,org.springframework.ui.ModelMap)
Jul 03, 2019 1:48:35 PM org.springframework.web.servlet.handler.AbstractHandlerMethodMapping$MappingRegistry register
INFO: Mapped "{[/register],methods=[GET]}" onto public org.springframework.web.servlet.ModelAndView controller.LoginController.register()
Jul 03, 2019 1:48:35 PM org.springframework.web.servlet.mvc.method.annotation.RequestMappingHandlerAdapter initControllerAdviceCache
INFO: Looking for @ControllerAdvice: org.springframework.test.web.servlet.setup.StubWebApplicationContext@55f6f965
Jul 03, 2019 1:48:35 PM org.springframework.mock.web.MockServletContext log
INFO: Initializing Spring FrameworkServlet ''
Jul 03, 2019 1:48:35 PM org.springframework.web.servlet.FrameworkServlet initServletBean
INFO: FrameworkServlet '': initialization started
Jul 03, 2019 1:48:35 PM org.springframework.web.servlet.FrameworkServlet initServletBean
INFO: FrameworkServlet '': initialization completed in 0 ms
Jul 03, 2019 1:48:35 PM org.springframework.web.servlet.handler.AbstractHandlerMethodMapping$MappingRegistry register
INFO: Mapped "{[/student],methods=[GET]}" onto public java.lang.String controller.StudentController.Default(javax.servlet.http.HttpSession)
Jul 03, 2019 1:48:35 PM org.springframework.web.servlet.handler.AbstractHandlerMethodMapping$MappingRegistry register
INFO: Mapped "{[/student/schedule],methods=[GET]}" onto public java.lang.String controller.StudentController.loadPageSchedule(javax.servlet.http.HttpSession)
Jul 03, 2019 1:48:35 PM org.springframework.web.servlet.handler.AbstractHandlerMethodMapping$MappingRegistry register
INFO: Mapped "{[/student/course],methods=[GET]}" onto public java.lang.String controller.StudentController.loadPageCourse(javax.servlet.http.HttpSession)
Jul 03, 2019 1:48:35 PM org.springframework.web.servlet.handler.AbstractHandlerMethodMapping$MappingRegistry register
INFO: Mapped "{[/api/load_course_of_student],methods=[GET]}" onto public java.lang.String controller.StudentController.loadCourseOfStudent(javax.servlet.http.HttpServletRequest,javax.servlet.http.HttpSession)
Jul 03, 2019 1:48:35 PM org.springframework.web.servlet.handler.AbstractHandlerMethodMapping$MappingRegistry register
INFO: Mapped "{[/api/search_course],methods=[GET]}" onto public java.lang.String controller.StudentController.searchCourse(javax.servlet.http.HttpServletRequest,javax.servlet.http.HttpSession)
Jul 03, 2019 1:48:35 PM org.springframework.web.servlet.handler.AbstractHandlerMethodMapping$MappingRegistry register
INFO: Mapped "{[/api/searchInUser],methods=[GET]}" onto public java.lang.String controller.StudentController.searchInuser(javax.servlet.http.HttpServletRequest,javax.servlet.http.HttpSession)
Jul 03, 2019 1:48:35 PM org.springframework.web.servlet.handler.AbstractHandlerMethodMapping$MappingRegistry register
INFO: Mapped "{[/api/load_schedule],methods=[GET]}" onto public java.lang.String controller.StudentController.loadSchedule(javax.servlet.http.HttpServletRequest,javax.servlet.http.HttpSession)
Jul 03, 2019 1:48:35 PM org.springframework.web.servlet.handler.AbstractHandlerMethodMapping$MappingRegistry register
INFO: Mapped "{[/api/load_course_short],methods=[GET]}" onto public java.lang.String controller.StudentController.loadCourseShort(javax.servlet.http.HttpServletRequest,javax.servlet.http.HttpSession)
Jul 03, 2019 1:48:35 PM org.springframework.web.servlet.handler.AbstractHandlerMethodMapping$MappingRegistry register
INFO: Mapped "{[/api/enroll],methods=[GET]}" onto public java.lang.String controller.StudentController.enroll(javax.servlet.http.HttpServletRequest,javax.servlet.http.HttpSession,javax.servlet.http.HttpServletResponse)
Jul 03, 2019 1:48:35 PM org.springframework.web.servlet.handler.AbstractHandlerMethodMapping$MappingRegistry register
INFO: Mapped "{[/api/show_course_detail],methods=[GET]}" onto public java.lang.String controller.StudentController.showDetailCourse(javax.servlet.http.HttpServletRequest,javax.servlet.http.HttpSession)
Jul 03, 2019 1:48:35 PM org.springframework.web.servlet.mvc.method.annotation.RequestMappingHandlerAdapter initControllerAdviceCache
INFO: Looking for @ControllerAdvice: org.springframework.test.web.servlet.setup.StubWebApplicationContext@45d38165
Jul 03, 2019 1:48:35 PM org.springframework.mock.web.MockServletContext log
INFO: Initializing Spring FrameworkServlet ''
Jul 03, 2019 1:48:35 PM org.springframework.web.servlet.FrameworkServlet initServletBean
INFO: FrameworkServlet '': initialization started
Jul 03, 2019 1:48:35 PM org.springframework.web.servlet.FrameworkServlet initServletBean
INFO: FrameworkServlet '': initialization completed in 0 ms
Jul 03, 2019 1:48:35 PM org.springframework.web.servlet.DispatcherServlet noHandlerFound
WARNING: No mapping found for HTTP request with URI [api/load_schedule] in DispatcherServlet with name ''
Jul 03, 2019 1:48:35 PM org.springframework.test.context.transaction.TransactionContext endTransaction
INFO: Rolled back transaction for test: [DefaultTestContext@774c5e5c testClass = StudentControllerTest, testInstance = controller.StudentControllerTest@4cf01c41, testMethod = createScheduleTest@StudentControllerTest, testException = java.lang.AssertionError: Status expected:<200> but was:<404>, mergedContextConfiguration = [WebMergedContextConfiguration@57bac3f0 testClass = StudentControllerTest, locations = '{file:src/main/webapp/WEB-INF/spring-servlet.xml}', classes = '{}', contextInitializerClasses = '[]', activeProfiles = '{}', propertySourceLocations = '{}', propertySourceProperties = '{}', contextCustomizers = set[[empty]], resourceBasePath = 'src/main/webapp', contextLoader = 'org.springframework.test.context.web.WebDelegatingSmartContextLoader', parent = [null]], attributes = map['org.springframework.test.context.web.ServletTestExecutionListener.populatedRequestContextHolder' -> true, 'org.springframework.test.context.web.ServletTestExecutionListener.resetRequestContextHolder' -> true]]
]]></system-err>
  </testcase>
</testsuite>